2020-10-22 20:34:54,130 [INFO] Activator:176 - 


2020-10-22 20:34:54,133 [INFO] Activator:177 - !SESSION log4j initialized
2020-10-22 20:35:00,673 [INFO] ApplicationProperties:181 - Using Application install path: C:\ST\STM32CubeIDE_1.0.2\STM32CubeIDE\plugins\com.st.stm32cube.common.mx_5.3.0.201907110903
2020-10-22 20:35:00,688 [INFO] DbMcusXml:68 - Set database path to: C:\ST\STM32CubeIDE_1.0.2\STM32CubeIDE\plugins\com.st.stm32cube.common.mx_5.3.0.201907110903\\db\/mcu/
2020-10-22 20:35:00,692 [INFO] DbBoardsPdsc:54 - Set plugin database path to: C:\ST\STM32CubeIDE_1.0.2\STM32CubeIDE\plugins\com.st.stm32cube.common.mx_5.3.0.201907110903\\db\/plugins/boardmanager/
2020-10-22 20:35:00,692 [INFO] DbMcus:264 - Set plugin images path to: C:\ST\STM32CubeIDE_1.0.2\STM32CubeIDE\plugins\com.st.stm32cube.common.mx_5.3.0.201907110903\\db\/plugins/mcufinder/images/
2020-10-22 20:35:00,693 [INFO] DbBoards:232 - Set plugin images path to: C:\ST\STM32CubeIDE_1.0.2\STM32CubeIDE\plugins\com.st.stm32cube.common.mx_5.3.0.201907110903\\db\/plugins/mcufinder/images/
2020-10-22 20:35:00,694 [INFO] APIGFXSelector:72 - Set database path to: C:\ST\STM32CubeIDE_1.0.2\STM32CubeIDE\plugins\com.st.stm32cube.common.mx_5.3.0.201907110903\\db\/plugins/mcufinder/mcu/
2020-10-22 20:35:00,701 [INFO] DbMcusAds:72 - Set database path to: C:\Users\DatBoi\.stmcufinder\plugins\mcufinder//mcu/
2020-10-22 20:35:00,703 [INFO] DbMcusDocs:92 - Set database path to: C:\Users\DatBoi\.stmcufinder\plugins\mcufinder//mcu/
2020-10-22 20:35:00,705 [INFO] DbMcusJson:59 - Set database path to: C:\Users\DatBoi\.stmcufinder\plugins\mcufinder//mcu/
2020-10-22 20:35:00,706 [INFO] DbBoardsDocs:84 - Set database path to: C:\Users\DatBoi\.stmcufinder\plugins\mcufinder//mcu/
2020-10-22 20:35:00,707 [INFO] DbBoardsJson:51 - Set database path to: C:\Users\DatBoi\.stmcufinder\plugins\mcufinder//mcu/
2020-10-22 20:35:00,785 [INFO] CrossReferenceDbSqlite:197 - Set database path to: C:\Users\DatBoi\.stmcufinder\plugins\mcufinder//mcu/cs/
2020-10-22 20:35:00,866 [INFO] RulesReader:52 - Compatibility file has been processed (156 Rules)
2020-10-22 20:35:00,988 [INFO] MicroXplorer:521 - Detected Java Version = 1.8.0_202
2020-10-22 20:35:00,989 [INFO] DbMcusXml:68 - Set database path to: C:\ST\STM32CubeIDE_1.0.2\STM32CubeIDE\plugins\com.st.stm32cube.common.mx_5.3.0.201907110903\\db\/mcu/
2020-10-22 20:35:00,989 [INFO] DbBoardsPdsc:54 - Set plugin database path to: C:\ST\STM32CubeIDE_1.0.2\STM32CubeIDE\plugins\com.st.stm32cube.common.mx_5.3.0.201907110903\\db\/plugins/boardmanager/
2020-10-22 20:35:00,990 [INFO] DbMcus:264 - Set plugin images path to: C:\ST\STM32CubeIDE_1.0.2\STM32CubeIDE\plugins\com.st.stm32cube.common.mx_5.3.0.201907110903\\db\/plugins/mcufinder/images/
2020-10-22 20:35:00,990 [INFO] DbBoards:232 - Set plugin images path to: C:\ST\STM32CubeIDE_1.0.2\STM32CubeIDE\plugins\com.st.stm32cube.common.mx_5.3.0.201907110903\\db\/plugins/mcufinder/images/
2020-10-22 20:35:00,990 [INFO] APIGFXSelector:72 - Set database path to: C:\ST\STM32CubeIDE_1.0.2\STM32CubeIDE\plugins\com.st.stm32cube.common.mx_5.3.0.201907110903\\db\/plugins/mcufinder/mcu/
2020-10-22 20:35:00,990 [WARN] DbFile:31 - Overriding database path with different value: C:\Users\DatBoi\.stmcufinder\plugins\mcufinder/ => C:\Users\DatBoi\.stmcufinder\plugins\mcufinder
2020-10-22 20:35:00,990 [INFO] DbMcusAds:72 - Set database path to: C:\Users\DatBoi\.stmcufinder\plugins\mcufinder//mcu/
2020-10-22 20:35:00,991 [WARN] DbFile:31 - Overriding database path with different value: C:\Users\DatBoi\.stmcufinder\plugins\mcufinder/ => C:\Users\DatBoi\.stmcufinder\plugins\mcufinder
2020-10-22 20:35:00,991 [INFO] DbMcusDocs:92 - Set database path to: C:\Users\DatBoi\.stmcufinder\plugins\mcufinder//mcu/
2020-10-22 20:35:00,991 [WARN] DbFile:31 - Overriding database path with different value: C:\Users\DatBoi\.stmcufinder\plugins\mcufinder/ => C:\Users\DatBoi\.stmcufinder\plugins\mcufinder
2020-10-22 20:35:00,991 [INFO] DbMcusJson:59 - Set database path to: C:\Users\DatBoi\.stmcufinder\plugins\mcufinder//mcu/
2020-10-22 20:35:00,991 [WARN] DbFile:31 - Overriding database path with different value: C:\Users\DatBoi\.stmcufinder\plugins\mcufinder/ => C:\Users\DatBoi\.stmcufinder\plugins\mcufinder
2020-10-22 20:35:00,992 [INFO] DbBoardsDocs:84 - Set database path to: C:\Users\DatBoi\.stmcufinder\plugins\mcufinder//mcu/
2020-10-22 20:35:00,992 [WARN] DbFile:31 - Overriding database path with different value: C:\Users\DatBoi\.stmcufinder\plugins\mcufinder/ => C:\Users\DatBoi\.stmcufinder\plugins\mcufinder
2020-10-22 20:35:00,992 [INFO] DbBoardsJson:51 - Set database path to: C:\Users\DatBoi\.stmcufinder\plugins\mcufinder//mcu/
2020-10-22 20:35:00,992 [WARN] DbFile:31 - Overriding database path with different value: C:\Users\DatBoi\.stmcufinder\plugins\mcufinder/ => C:\Users\DatBoi\.stmcufinder\plugins\mcufinder
2020-10-22 20:35:00,992 [WARN] DbFile:31 - Overriding database path with different value: C:\Users\DatBoi\.stmcufinder\plugins\mcufinder/ => C:\Users\DatBoi\.stmcufinder\plugins\mcufinder
2020-10-22 20:35:00,993 [INFO] CrossReferenceDbSqlite:197 - Set database path to: C:\Users\DatBoi\.stmcufinder\plugins\mcufinder//mcu/cs/
2020-10-22 20:35:01,070 [INFO] MainPanel:211 - HeapMemory: 268435456
2020-10-22 20:35:01,114 [INFO] DbMcusXml:68 - Set database path to: C:\ST\STM32CubeIDE_1.0.2\STM32CubeIDE\plugins\com.st.stm32cube.common.mx_5.3.0.201907110903\\db\/mcu/
2020-10-22 20:35:01,114 [INFO] DbBoardsPdsc:54 - Set plugin database path to: C:\ST\STM32CubeIDE_1.0.2\STM32CubeIDE\plugins\com.st.stm32cube.common.mx_5.3.0.201907110903\\db\/plugins/boardmanager/
2020-10-22 20:35:01,114 [INFO] DbMcus:264 - Set plugin images path to: C:\ST\STM32CubeIDE_1.0.2\STM32CubeIDE\plugins\com.st.stm32cube.common.mx_5.3.0.201907110903\\db\/plugins/mcufinder/images/
2020-10-22 20:35:01,115 [INFO] DbBoards:232 - Set plugin images path to: C:\ST\STM32CubeIDE_1.0.2\STM32CubeIDE\plugins\com.st.stm32cube.common.mx_5.3.0.201907110903\\db\/plugins/mcufinder/images/
2020-10-22 20:35:01,115 [INFO] APIGFXSelector:72 - Set database path to: C:\ST\STM32CubeIDE_1.0.2\STM32CubeIDE\plugins\com.st.stm32cube.common.mx_5.3.0.201907110903\\db\/plugins/mcufinder/mcu/
2020-10-22 20:35:01,116 [WARN] DbFile:31 - Overriding database path with different value: C:\Users\DatBoi\.stmcufinder\plugins\mcufinder/ => C:\Users\DatBoi\.stmcufinder\plugins\mcufinder
2020-10-22 20:35:01,116 [INFO] DbMcusAds:72 - Set database path to: C:\Users\DatBoi\.stmcufinder\plugins\mcufinder//mcu/
2020-10-22 20:35:01,116 [WARN] DbFile:31 - Overriding database path with different value: C:\Users\DatBoi\.stmcufinder\plugins\mcufinder/ => C:\Users\DatBoi\.stmcufinder\plugins\mcufinder
2020-10-22 20:35:01,116 [INFO] DbMcusDocs:92 - Set database path to: C:\Users\DatBoi\.stmcufinder\plugins\mcufinder//mcu/
2020-10-22 20:35:01,117 [WARN] DbFile:31 - Overriding database path with different value: C:\Users\DatBoi\.stmcufinder\plugins\mcufinder/ => C:\Users\DatBoi\.stmcufinder\plugins\mcufinder
2020-10-22 20:35:01,117 [INFO] DbMcusJson:59 - Set database path to: C:\Users\DatBoi\.stmcufinder\plugins\mcufinder//mcu/
2020-10-22 20:35:01,117 [WARN] DbFile:31 - Overriding database path with different value: C:\Users\DatBoi\.stmcufinder\plugins\mcufinder/ => C:\Users\DatBoi\.stmcufinder\plugins\mcufinder
2020-10-22 20:35:01,117 [INFO] DbBoardsDocs:84 - Set database path to: C:\Users\DatBoi\.stmcufinder\plugins\mcufinder//mcu/
2020-10-22 20:35:01,117 [WARN] DbFile:31 - Overriding database path with different value: C:\Users\DatBoi\.stmcufinder\plugins\mcufinder/ => C:\Users\DatBoi\.stmcufinder\plugins\mcufinder
2020-10-22 20:35:01,117 [INFO] DbBoardsJson:51 - Set database path to: C:\Users\DatBoi\.stmcufinder\plugins\mcufinder//mcu/
2020-10-22 20:35:01,117 [WARN] DbFile:31 - Overriding database path with different value: C:\Users\DatBoi\.stmcufinder\plugins\mcufinder/ => C:\Users\DatBoi\.stmcufinder\plugins\mcufinder
2020-10-22 20:35:01,117 [WARN] DbFile:31 - Overriding database path with different value: C:\Users\DatBoi\.stmcufinder\plugins\mcufinder/ => C:\Users\DatBoi\.stmcufinder\plugins\mcufinder
2020-10-22 20:35:01,118 [INFO] CrossReferenceDbSqlite:197 - Set database path to: C:\Users\DatBoi\.stmcufinder\plugins\mcufinder//mcu/cs/
2020-10-22 20:35:01,134 [INFO] ApplicationProperties:181 - Using Application install path: C:\ST\STM32CubeIDE_1.0.2\STM32CubeIDE\plugins\com.st.stm32cube.common.mx_5.3.0.201907110903
2020-10-22 20:35:01,136 [INFO] PluginManage:178 - Search for loadable plugins [exclusion list=]
2020-10-22 20:35:01,136 [INFO] PluginManage:292 - Check plugin analytics
2020-10-22 20:35:01,141 [INFO] PluginManage:342 - Loaded plugin analytics (category:tool,tabindex:-1)
2020-10-22 20:35:01,141 [INFO] PluginManage:292 - Check plugin clock
2020-10-22 20:35:01,148 [INFO] PluginManage:342 - Loaded plugin clock (category:base,tabindex:2)
2020-10-22 20:35:01,148 [INFO] PluginManage:292 - Check plugin ddr
2020-10-22 20:35:01,150 [INFO] PluginManage:342 - Loaded plugin ddr (category:tool,tabindex:6)
2020-10-22 20:35:01,150 [INFO] PluginManage:292 - Check plugin filemanager
2020-10-22 20:35:01,235 [INFO] PluginManage:342 - Loaded plugin filemanager (category:base,tabindex:10)
2020-10-22 20:35:01,235 [INFO] PluginManage:292 - Check plugin ipmanager
2020-10-22 20:35:01,246 [INFO] PluginManage:342 - Loaded plugin ipmanager (category:base,tabindex:5)
2020-10-22 20:35:01,246 [INFO] PluginManage:292 - Check plugin pinoutandconfiguration
2020-10-22 20:35:01,253 [INFO] PluginManage:342 - Loaded plugin pinoutandconfiguration (category:base,tabindex:1)
2020-10-22 20:35:01,254 [INFO] PluginManage:292 - Check plugin pinoutconfig
2020-10-22 20:35:01,278 [INFO] PluginManage:342 - Loaded plugin pinoutconfig (category:base,tabindex:0)
2020-10-22 20:35:01,279 [INFO] PluginManage:292 - Check plugin power
2020-10-22 20:35:01,286 [INFO] PluginManage:342 - Loaded plugin power (category:power,tabindex:4)
2020-10-22 20:35:01,286 [INFO] PluginManage:292 - Check plugin projectmanager
2020-10-22 20:35:01,298 [INFO] PluginManage:342 - Loaded plugin projectmanager (category:projectmanager,tabindex:3)
2020-10-22 20:35:01,298 [INFO] PluginManage:292 - Check plugin thirdparty
2020-10-22 20:35:01,348 [INFO] ThirdPartyDb:294 - Open Third Party DataBase File (C:/Users/DatBoi/.stm32cubemx/plugins/thirdparty/db/thirdparties_db.xml) : 32 ms. number of Sw pack : 20
2020-10-22 20:35:01,371 [INFO] PluginManage:342 - Loaded plugin thirdparty (category:base,tabindex:-1)
2020-10-22 20:35:01,371 [INFO] PluginManage:292 - Check plugin tools
2020-10-22 20:35:01,374 [INFO] PluginManage:342 - Loaded plugin tools (category:base,tabindex:7)
2020-10-22 20:35:01,374 [INFO] PluginManage:292 - Check plugin updater
2020-10-22 20:35:01,385 [INFO] PluginManage:342 - Loaded plugin updater (category:base,tabindex:12)
2020-10-22 20:35:01,385 [INFO] PluginManage:265 - PluginManage : Loaded plugins [12]
2020-10-22 20:35:01,646 [INFO] PinOutPanel:1367 - setPackage(No Configuration,No Configuration)
2020-10-22 20:35:01,757 [INFO] IPUIPlugin:63 - create IPUIPlugin
2020-10-22 20:35:01,757 [INFO] PluginManager:200 - loadIPPluginJar : add adc
2020-10-22 20:35:01,760 [INFO] IPUIPlugin:63 - create IPUIPlugin
2020-10-22 20:35:01,760 [INFO] PluginManager:200 - loadIPPluginJar : add aes
2020-10-22 20:35:01,762 [INFO] IPUIPlugin:63 - create IPUIPlugin
2020-10-22 20:35:01,762 [INFO] PluginManager:200 - loadIPPluginJar : add can
2020-10-22 20:35:01,764 [INFO] IPUIPlugin:63 - create IPUIPlugin
2020-10-22 20:35:01,764 [INFO] PluginManager:200 - loadIPPluginJar : add comp
2020-10-22 20:35:01,767 [INFO] IPUIPlugin:63 - create IPUIPlugin
2020-10-22 20:35:01,767 [INFO] PluginManager:200 - loadIPPluginJar : add cryp
2020-10-22 20:35:01,769 [INFO] IPUIPlugin:63 - create IPUIPlugin
2020-10-22 20:35:01,769 [INFO] PluginManager:200 - loadIPPluginJar : add dfsdm
2020-10-22 20:35:01,773 [INFO] IPUIPlugin:63 - create IPUIPlugin
2020-10-22 20:35:01,774 [INFO] PluginManager:200 - loadIPPluginJar : add dma
2020-10-22 20:35:01,775 [INFO] IPUIPlugin:63 - create IPUIPlugin
2020-10-22 20:35:01,775 [INFO] PluginManager:200 - loadIPPluginJar : add fatfs
2020-10-22 20:35:01,778 [INFO] IPUIPlugin:63 - create IPUIPlugin
2020-10-22 20:35:01,778 [INFO] PluginManager:200 - loadIPPluginJar : add fmc
2020-10-22 20:35:01,782 [INFO] IPUIPlugin:63 - create IPUIPlugin
2020-10-22 20:35:01,783 [INFO] PluginManager:200 - loadIPPluginJar : add freertos
2020-10-22 20:35:01,784 [INFO] IPUIPlugin:63 - create IPUIPlugin
2020-10-22 20:35:01,784 [INFO] PluginManager:200 - loadIPPluginJar : add genericplugin
2020-10-22 20:35:01,786 [INFO] IPUIPlugin:63 - create IPUIPlugin
2020-10-22 20:35:01,786 [INFO] PluginManager:200 - loadIPPluginJar : add gfxmmu
2020-10-22 20:35:01,788 [INFO] IPUIPlugin:63 - create IPUIPlugin
2020-10-22 20:35:01,788 [INFO] PluginManager:200 - loadIPPluginJar : add gfxsimulator
2020-10-22 20:35:01,794 [INFO] IPUIPlugin:63 - create IPUIPlugin
2020-10-22 20:35:01,794 [INFO] PluginManager:200 - loadIPPluginJar : add gic
2020-10-22 20:35:01,797 [INFO] IPUIPlugin:63 - create IPUIPlugin
2020-10-22 20:35:01,797 [INFO] PluginManager:200 - loadIPPluginJar : add gpio
2020-10-22 20:35:01,799 [INFO] IPUIPlugin:63 - create IPUIPlugin
2020-10-22 20:35:01,799 [INFO] PluginManager:200 - loadIPPluginJar : add hash
2020-10-22 20:35:01,801 [INFO] IPUIPlugin:63 - create IPUIPlugin
2020-10-22 20:35:01,801 [INFO] PluginManager:200 - loadIPPluginJar : add i2c
2020-10-22 20:35:01,803 [INFO] IPUIPlugin:63 - create IPUIPlugin
2020-10-22 20:35:01,803 [INFO] PluginManager:200 - loadIPPluginJar : add i2s
2020-10-22 20:35:01,805 [INFO] IPUIPlugin:63 - create IPUIPlugin
2020-10-22 20:35:01,805 [INFO] PluginManager:200 - loadIPPluginJar : add ipddr
2020-10-22 20:35:01,807 [INFO] IPUIPlugin:63 - create IPUIPlugin
2020-10-22 20:35:01,807 [INFO] PluginManager:200 - loadIPPluginJar : add ltdc
2020-10-22 20:35:01,808 [INFO] IPUIPlugin:63 - create IPUIPlugin
2020-10-22 20:35:01,809 [INFO] PluginManager:200 - loadIPPluginJar : add mdma
2020-10-22 20:35:01,812 [INFO] IPUIPlugin:63 - create IPUIPlugin
2020-10-22 20:35:01,812 [INFO] PluginManager:200 - loadIPPluginJar : add nvic
2020-10-22 20:35:01,814 [INFO] IPUIPlugin:63 - create IPUIPlugin
2020-10-22 20:35:01,814 [INFO] PluginManager:200 - loadIPPluginJar : add opamp
2020-10-22 20:35:01,816 [INFO] IPUIPlugin:63 - create IPUIPlugin
2020-10-22 20:35:01,816 [INFO] PluginManager:200 - loadIPPluginJar : add pdm2pcm
2020-10-22 20:35:01,821 [INFO] IPUIPlugin:63 - create IPUIPlugin
2020-10-22 20:35:01,823 [INFO] PluginManager:200 - loadIPPluginJar : add plateformsettings
2020-10-22 20:35:01,824 [INFO] IPUIPlugin:63 - create IPUIPlugin
2020-10-22 20:35:01,824 [INFO] PluginManager:200 - loadIPPluginJar : add quadspi
2020-10-22 20:35:01,826 [INFO] IPUIPlugin:63 - create IPUIPlugin
2020-10-22 20:35:01,826 [INFO] PluginManager:200 - loadIPPluginJar : add resmgrutility
2020-10-22 20:35:01,828 [INFO] IPUIPlugin:63 - create IPUIPlugin
2020-10-22 20:35:01,828 [INFO] PluginManager:200 - loadIPPluginJar : add sai
2020-10-22 20:35:01,829 [INFO] IPUIPlugin:63 - create IPUIPlugin
2020-10-22 20:35:01,829 [INFO] PluginManager:200 - loadIPPluginJar : add spi
2020-10-22 20:35:01,831 [INFO] IPUIPlugin:63 - create IPUIPlugin
2020-10-22 20:35:01,831 [INFO] PluginManager:200 - loadIPPluginJar : add stm32_wpan
2020-10-22 20:35:01,832 [INFO] IPUIPlugin:63 - create IPUIPlugin
2020-10-22 20:35:01,832 [INFO] PluginManager:200 - loadIPPluginJar : add tim
2020-10-22 20:35:01,834 [INFO] IPUIPlugin:63 - create IPUIPlugin
2020-10-22 20:35:01,834 [INFO] PluginManager:200 - loadIPPluginJar : add touchsensing
2020-10-22 20:35:01,836 [INFO] IPUIPlugin:63 - create IPUIPlugin
2020-10-22 20:35:01,836 [INFO] PluginManager:200 - loadIPPluginJar : add tracer_emb
2020-10-22 20:35:01,837 [INFO] IPUIPlugin:63 - create IPUIPlugin
2020-10-22 20:35:01,837 [INFO] PluginManager:200 - loadIPPluginJar : add ts
2020-10-22 20:35:01,838 [INFO] IPUIPlugin:63 - create IPUIPlugin
2020-10-22 20:35:01,838 [INFO] PluginManager:200 - loadIPPluginJar : add tsc
2020-10-22 20:35:01,839 [INFO] IPUIPlugin:63 - create IPUIPlugin
2020-10-22 20:35:01,839 [INFO] PluginManager:200 - loadIPPluginJar : add ucpd
2020-10-22 20:35:01,841 [INFO] IPUIPlugin:63 - create IPUIPlugin
2020-10-22 20:35:01,841 [INFO] PluginManager:200 - loadIPPluginJar : add usart
2020-10-22 20:35:02,199 [INFO] BoardConnectionPanel:217 - [DDR PANEL] osNameString: Windows
2020-10-22 20:35:02,477 [FATAL] Updater:277 - Updater called before beeing initialized
2020-10-22 20:35:02,827 [FATAL] Updater:277 - Updater called before beeing initialized
2020-10-22 20:35:02,840 [INFO] PinOutPanel:1367 - setPackage(No Configuration,No Configuration)
2020-10-22 20:35:02,841 [FATAL] Updater:277 - Updater called before beeing initialized
2020-10-22 20:35:02,849 [INFO] MainDdrPanel:82 - [DDR PANEL] SETTER - Set cubeProgrammerPath to: C:\ST\STM32CubeIDE_1.0.2\STM32CubeIDE\plugins\com.st.stm32cube.ide.mcu.externaltools.cubeprogrammer.win32_1.0.0.201904021149\tools\bin
2020-10-22 20:35:02,855 [INFO] Updater:860 - Updater Version found : 5.3.0
2020-10-22 20:35:02,867 [INFO] ApplicationProperties:181 - Using Application install path: C:\ST\STM32CubeIDE_1.0.2\STM32CubeIDE\plugins\com.st.stm32cube.common.mx_5.3.0.201907110903
2020-10-22 20:35:02,977 [INFO] MainUpdater:2040 - connection check result : 10
2020-10-22 20:35:02,978 [INFO] MainUpdater:229 - Updater Check For Update Now.
2020-10-22 20:35:02,978 [INFO] MicroXplorer:401 - Change Database Version : DB.5.0.30
2020-10-22 20:35:03,013 [INFO] CheckServerUpdateThread:121 - End of CheckServer Thread
2020-10-22 20:35:03,192 [INFO] MainUpdater:2040 - connection check result : 10
2020-10-22 20:35:03,192 [INFO] LogOutputStream:76 - [STDOUT_REDIRECT] Successfull proxy connection.
2020-10-22 20:35:03,231 [INFO] McuFinderGlobals:40 - Set McuFinder mode to 2 (CubeIDE integrated)
2020-10-22 20:35:03,240 [INFO] FinderPluginLoader:85 - Searching for filters in installed packs
2020-10-22 20:35:03,240 [INFO] DbMcusXml:106 - Load MCU database from C:\ST\STM32CubeIDE_1.0.2\STM32CubeIDE\plugins\com.st.stm32cube.common.mx_5.3.0.201907110903\\db\/mcu/families.xml
2020-10-22 20:35:03,875 [INFO] DbMcusJson:87 - JSON generation date=Wed Oct 21 07:38:15 EDT 2020 (1603280295)
2020-10-22 20:35:04,604 [INFO] ThirdPartyDb:264 - Close Third Party DataBase File (C:/Users/DatBoi/.stm32cubemx/plugins/thirdparty/db/thirdparties_db.xml)
2020-10-22 20:35:04,696 [INFO] ThirdPartyDb:294 - Open Third Party DataBase File (C:/Users/DatBoi/.stm32cubemx/plugins/thirdparty/db/thirdparties_db.xml) : 13 ms. number of Sw pack : 20
2020-10-22 20:35:04,696 [INFO] ThirdPartyDb:264 - Close Third Party DataBase File (C:/Users/DatBoi/.stm32cubemx/plugins/thirdparty/db/thirdparties_db.xml)
2020-10-22 20:35:04,739 [INFO] IntegrityCheckThread:97 - End integrity checks thread
2020-10-22 20:35:05,035 [INFO] DbMcus:193 - Found 1496 MCUs (1455 are supported by CubeMX, 1455 are visible in CubeMX)
2020-10-22 20:35:05,036 [INFO] ApiDb:158 - Load user favorites file C:\Users\DatBoi/.stm32cubeide/favorites.mcus.txt: 0 item(s)
2020-10-22 20:35:05,036 [INFO] ApiDb:163 - User favorites MCUs=[]
2020-10-22 20:35:05,036 [INFO] DbMcus:205 - Set 0 / 0 favorites MCUs
2020-10-22 20:35:05,528 [INFO] DbMcusAds:130 - JSON generation date=Wed Oct 21 09:42:18 EDT 2020 (1603287738)
2020-10-22 20:35:06,245 [ERROR] ServerAccessManage:941 - Problem, file not found on Server
2020-10-22 20:35:06,247 [ERROR] ServerAccessManage:508 - Problem, file not found on Server : .
2020-10-22 20:35:06,247 [INFO] LoadUrlFilesThread:147 - End of LoadServerUrlFiles without Thread
2020-10-22 20:35:06,247 [WARN] McuDetailPanel:183 - Failed to get advertising image, set to default
2020-10-22 20:35:06,704 [INFO] McuFilterPanel:282 - Update 0 favorites MCUs
2020-10-22 20:35:06,876 [INFO] DbBoardsPdsc:92 - Found 18 items
2020-10-22 20:35:06,877 [INFO] DbBoardsPdsc:92 - Found 9 items
2020-10-22 20:35:06,879 [INFO] DbBoardsPdsc:92 - Found 27 items
2020-10-22 20:35:06,880 [INFO] DbBoardsPdsc:92 - Found 1 items
2020-10-22 20:35:06,884 [INFO] DbBoardsPdsc:92 - Found 37 items
2020-10-22 20:35:06,888 [INFO] DbBoardsPdsc:92 - Found 37 items
2020-10-22 20:35:06,889 [INFO] DbBoardsPdsc:92 - Found 1 items
2020-10-22 20:35:06,904 [INFO] DbBoardsJson:79 - JSON generation date=Mon Sep 28 09:22:09 EDT 2020 (1601299329)
2020-10-22 20:35:06,909 [INFO] DbBoards:120 - Found 144 boards (129 are supported by CubeMX)
2020-10-22 20:35:06,915 [INFO] DbBoardsDocs:118 - JSON generation date=Wed Oct 21 07:38:15 EDT 2020 (1603280295)
2020-10-22 20:35:06,931 [INFO] DbBoardsDocs:57 - Found 190 boards documents
2020-10-22 20:35:06,932 [WARN] DbBoards:130 - board NUCLEO-H743ZI2 has no document id list !
2020-10-22 20:35:06,933 [WARN] DbBoards:130 - board P-NUCLEO-WB55-Nucleo has no document id list !
2020-10-22 20:35:06,934 [WARN] DbBoards:130 - board P-NUCLEO-WB55-USBDongle has no document id list !
2020-10-22 20:35:06,934 [WARN] DbBoards:130 - board STM32F401C-DISCO has no document id list !
2020-10-22 20:35:06,934 [WARN] DbBoards:130 - board STM32F769I-DISC1 has no document id list !
2020-10-22 20:35:06,935 [WARN] DbBoards:130 - board STM32F7308-DISCO has no document id list !
2020-10-22 20:35:06,935 [WARN] DbBoards:130 - board STM32L-DISCOVERY has no document id list !
2020-10-22 20:35:06,935 [WARN] DbBoards:130 - board STM32H747I-DISC1 has no document id list !
2020-10-22 20:35:06,936 [WARN] DbBoards:130 - board STM32MP157A-DK1 has no document id list !
2020-10-22 20:35:06,936 [WARN] DbBoards:130 - board STM32H743I-EVAL2 has no document id list !
2020-10-22 20:35:06,937 [WARN] DbBoards:130 - board STM32H753I-EVAL2 has no document id list !
2020-10-22 20:35:06,937 [WARN] DbBoards:130 - board STM32G474E-EVAL1 has no document id list !
2020-10-22 20:35:06,937 [WARN] DbBoards:130 - board STEVAL-MKSBOX1V1 has no document id list !
2020-10-22 20:35:06,937 [WARN] DbBoards:130 - board NUCLEO-WB35CE has no document id list !
2020-10-22 20:35:07,252 [ERROR] DbBoards:192 - Image file not found for board P-NUCLEO-WB55: C:\ST\STM32CubeIDE_1.0.2\STM32CubeIDE\plugins\com.st.stm32cube.common.mx_5.3.0.201907110903\\db\/plugins/mcufinder/images/boards/p-nucleo-wb55_small.jpg
2020-10-22 20:35:07,323 [ERROR] DbBoards:192 - Image file not found for board B-G474E-DPOW1: C:\ST\STM32CubeIDE_1.0.2\STM32CubeIDE\plugins\com.st.stm32cube.common.mx_5.3.0.201907110903\\db\/plugins/mcufinder/images/boards/B-G474E-DPOW1_small.jpg
2020-10-22 20:35:07,428 [ERROR] DbBoards:192 - Image file not found for board STM32G0316-DISCO: C:\ST\STM32CubeIDE_1.0.2\STM32CubeIDE\plugins\com.st.stm32cube.common.mx_5.3.0.201907110903\\db\/plugins/mcufinder/images/boards/stm32g0316discovery_small.jpg
2020-10-22 20:35:07,739 [ERROR] DbBoards:195 - No image file URL for board STM32H7B3I-DK
2020-10-22 20:35:07,740 [ERROR] DbBoards:195 - No image file URL for board STM32H7B3I-EVAL
2020-10-22 20:35:07,740 [ERROR] DbBoards:192 - Image file not found for board STM32L552E-EV: C:\ST\STM32CubeIDE_1.0.2\STM32CubeIDE\plugins\com.st.stm32cube.common.mx_5.3.0.201907110903\\db\/plugins/mcufinder/images/boards/stm32l552e-ev_small.jpg
2020-10-22 20:35:07,744 [ERROR] DbBoards:192 - Image file not found for board STM32L562E-DK: C:\ST\STM32CubeIDE_1.0.2\STM32CubeIDE\plugins\com.st.stm32cube.common.mx_5.3.0.201907110903\\db\/plugins/mcufinder/images/boards/stm32l562e-dk_small.jpg
2020-10-22 20:35:07,744 [ERROR] DbBoards:195 - No image file URL for board NUCLEO-WB35CE
2020-10-22 20:35:07,749 [ERROR] DbBoards:192 - Image file not found for board STM32L4P5G-DK: C:\ST\STM32CubeIDE_1.0.2\STM32CubeIDE\plugins\com.st.stm32cube.common.mx_5.3.0.201907110903\\db\/plugins/mcufinder/images/boards/stm32l4p5g-dk_small.jpg
2020-10-22 20:35:07,749 [ERROR] DbBoards:192 - Image file not found for board B-L4S5I-IOT01A: C:\ST\STM32CubeIDE_1.0.2\STM32CubeIDE\plugins\com.st.stm32cube.common.mx_5.3.0.201907110903\\db\/plugins/mcufinder/images/boards/B-L4S5I-IOT01A_small.jpg
2020-10-22 20:35:07,749 [ERROR] DbBoards:192 - Image file not found for board STM32H735G-DK: C:\ST\STM32CubeIDE_1.0.2\STM32CubeIDE\plugins\com.st.stm32cube.common.mx_5.3.0.201907110903\\db\/plugins/mcufinder/images/boards/STM32H735G_DK_small.jpg
2020-10-22 20:35:07,750 [INFO] ApiDb:158 - Load user favorites file C:\Users\DatBoi/.stm32cubeide/favorites.boards.txt: 0 item(s)
2020-10-22 20:35:07,750 [INFO] ApiDb:163 - User favorites Boards=[]
2020-10-22 20:35:07,750 [INFO] DbBoards:209 - Set 0 / 0 favorites Boards
2020-10-22 20:35:07,919 [ERROR] ServerAccessManage:941 - Problem, file not found on Server
2020-10-22 20:35:07,919 [ERROR] ServerAccessManage:508 - Problem, file not found on Server : .
2020-10-22 20:35:07,919 [INFO] LoadUrlFilesThread:147 - End of LoadServerUrlFiles without Thread
2020-10-22 20:35:07,919 [WARN] BoardDetailPanel:182 - Failed to get advertising image, set to default
2020-10-22 20:35:07,943 [INFO] BoardFilterPanel:211 - Update 0 favorites Boards
2020-10-22 20:35:08,029 [INFO] CrossSelectorPresenter:1319 - Cross Selector saved comparison directory: C:\Users\DatBoi\.stmcufinder\plugins\mcufinder\mcu\cs_comparisons_mx
2020-10-22 20:35:21,396 [INFO] DbMcusDocs:126 - JSON generation date=Wed Oct 21 07:38:15 EDT 2020 (1603280295)
2020-10-22 20:35:21,486 [INFO] DbMcusDocs:61 - Found 601 MCUs documents
2020-10-22 20:35:32,300 [INFO] LogOutputStream:76 - [STDOUT_REDIRECT] withoutVersionV1.10.1
2020-10-22 20:35:32,301 [INFO] LogOutputStream:76 - [STDOUT_REDIRECT] withoutVersionV1.10.0
2020-10-22 20:35:32,478 [INFO] LogOutputStream:76 - [STDOUT_REDIRECT] File copied successfully!!
2020-10-22 20:35:36,368 [INFO] MainUpdater:2040 - connection check result : 10
2020-10-22 20:35:36,369 [INFO] LogOutputStream:76 - [STDOUT_REDIRECT] Successfull proxy connection.
2020-10-22 20:35:36,402 [INFO] MicroXplorer:371 - Change Database Path : 
2020-10-22 20:35:36,403 [INFO] MicroXplorer:401 - Change Database Version : DB.5.0.30
2020-10-22 20:35:36,404 [INFO] PinOutPanel:1367 - setPackage(No Configuration,No Configuration)
2020-10-22 20:35:36,405 [INFO] UtilMem:74 - Begin LoadConfig() Used Memory: 498391400 Bytes (671088640)
2020-10-22 20:35:36,406 [INFO] MicroXplorer:371 - Change Database Path : 
2020-10-22 20:35:36,406 [INFO] MicroXplorer:401 - Change Database Version : DB.5.0.30
2020-10-22 20:35:36,406 [INFO] OpenFileManager:269 - Change cursor
2020-10-22 20:35:37,372 [INFO] ImportTextPane:162 - (OptionalMessage_ERROR) Unable to find key (Mcu.ThirdPartyNb) in loaded IOC file
2020-10-22 20:35:37,372 [INFO] ImportTextPane:162 - (OptionalMessage_ERROR) Unable to find key (Mcu.PinsNb) in loaded IOC file
2020-10-22 20:35:37,373 [INFO] ImportTextPane:162 - (OptionalMessage_ERROR) Unable to find key (Mcu.IPNb) in loaded IOC file
2020-10-22 20:35:37,473 [INFO] UtilMem:74 - End LoadConfig() Used Memory: 530418624 Bytes (671088640)
2020-10-22 20:35:37,493 [INFO] ThirdPartyDb:294 - Open Third Party DataBase File (C:/Users/DatBoi/.stm32cubemx/plugins/thirdparty/db/thirdparties_db.xml) : 8 ms. number of Sw pack : 20
2020-10-22 20:35:37,615 [INFO] ThirdParty:912 - CMSIS Pack Vendor :STMicroelectronics BlueNRG-MS 1.0.0
2020-10-22 20:35:37,615 [INFO] ThirdParty:912 - CMSIS Pack Vendor :STMicroelectronics X-CUBE-BLE1 4.4.0
2020-10-22 20:35:37,615 [INFO] ThirdParty:912 - CMSIS Pack Vendor :STMicroelectronics X-CUBE-MEMS1 7.0.0
2020-10-22 20:35:37,615 [INFO] ThirdParty:912 - CMSIS Pack Vendor :STMicroelectronics X-CUBE-NFC4 1.5.0
2020-10-22 20:35:37,616 [INFO] ThirdParty:912 - CMSIS Pack Vendor :STMicroelectronics X-CUBE-MEMS1 7.2.0
2020-10-22 20:35:37,616 [INFO] ThirdParty:912 - CMSIS Pack Vendor :STMicroelectronics X-CUBE-NFC4 1.5.2
2020-10-22 20:35:37,616 [INFO] ThirdParty:912 - CMSIS Pack Vendor :STMicroelectronics X-CUBE-SUBG2 1.1.0
2020-10-22 20:35:37,616 [INFO] ThirdParty:912 - CMSIS Pack Vendor :STMicroelectronics X-CUBE-MEMS1 8.1.1
2020-10-22 20:35:37,616 [INFO] ThirdParty:912 - CMSIS Pack Vendor :STMicroelectronics X-CUBE-NFC4 2.0.0
2020-10-22 20:35:37,616 [INFO] ThirdParty:912 - CMSIS Pack Vendor :STMicroelectronics X-CUBE-SUBG2 2.0.0
2020-10-22 20:35:37,706 [INFO] PinOutPanel:1367 - setPackage(No Configuration,No Configuration)
2020-10-22 20:35:37,707 [INFO] PinOutPanel:1367 - setPackage(STM32F030R8Tx,LQFP64)
2020-10-22 20:35:38,079 [INFO] UtilMem:74 - Before build in PCC Used Memory: 393875240 Bytes (671088640)
2020-10-22 20:35:38,340 [INFO] SharedServices:71 - Folder for power plug-in: C:/Users/DatBoi/.stm32cubemx/plugins/power
2020-10-22 20:35:38,340 [INFO] UtilMem:74 - After build in PCC Used Memory: 406984480 Bytes (671088640)
2020-10-22 20:35:38,346 [INFO] BlockDiagram:1818 - stop enableDisableButtons
2020-10-22 20:35:38,346 [INFO] IPUIPlugin:63 - create IPUIPlugin
2020-10-22 20:35:38,346 [INFO] IPUIPlugin:63 - create IPUIPlugin
2020-10-22 20:35:38,346 [INFO] IPUIPlugin:63 - create IPUIPlugin
2020-10-22 20:35:38,346 [INFO] IPUIPlugin:63 - create IPUIPlugin
2020-10-22 20:35:38,347 [INFO] IPUIPlugin:63 - create IPUIPlugin
2020-10-22 20:35:38,347 [INFO] IPUIPlugin:63 - create IPUIPlugin
2020-10-22 20:35:38,347 [INFO] IPUIPlugin:63 - create IPUIPlugin
2020-10-22 20:35:38,347 [INFO] IPUIPlugin:63 - create IPUIPlugin
2020-10-22 20:35:38,347 [INFO] IPUIPlugin:63 - create IPUIPlugin
2020-10-22 20:35:38,347 [INFO] IPUIPlugin:63 - create IPUIPlugin
2020-10-22 20:35:38,347 [INFO] IPUIPlugin:63 - create IPUIPlugin
2020-10-22 20:35:38,347 [INFO] IPUIPlugin:63 - create IPUIPlugin
2020-10-22 20:35:38,348 [INFO] IPUIPlugin:63 - create IPUIPlugin
2020-10-22 20:35:38,348 [INFO] IPUIPlugin:63 - create IPUIPlugin
2020-10-22 20:35:38,348 [INFO] IPUIPlugin:63 - create IPUIPlugin
2020-10-22 20:35:38,348 [INFO] IPUIPlugin:63 - create IPUIPlugin
2020-10-22 20:35:38,348 [INFO] IPUIPlugin:63 - create IPUIPlugin
2020-10-22 20:35:38,348 [INFO] IPUIPlugin:63 - create IPUIPlugin
2020-10-22 20:35:38,348 [INFO] IPUIPlugin:63 - create IPUIPlugin
2020-10-22 20:35:38,349 [INFO] IPUIPlugin:63 - create IPUIPlugin
2020-10-22 20:35:38,349 [INFO] IPUIPlugin:63 - create IPUIPlugin
2020-10-22 20:35:38,349 [INFO] IPUIPlugin:63 - create IPUIPlugin
2020-10-22 20:35:38,349 [INFO] IPUIPlugin:63 - create IPUIPlugin
2020-10-22 20:35:38,349 [INFO] IPUIPlugin:63 - create IPUIPlugin
2020-10-22 20:35:38,349 [INFO] IPUIPlugin:63 - create IPUIPlugin
2020-10-22 20:35:38,349 [INFO] IPUIPlugin:63 - create IPUIPlugin
2020-10-22 20:35:38,353 [INFO] BlockDiagram:1818 - stop enableDisableButtons
2020-10-22 20:35:38,363 [INFO] LogOutputStream:76 - [STDOUT_REDIRECT] toolchainItems.length=====1
2020-10-22 20:35:38,365 [INFO] LogOutputStream:76 - [STDOUT_REDIRECT] method name===============isUnderRootDefaultMode
2020-10-22 20:35:38,366 [INFO] LogOutputStream:76 - [STDOUT_REDIRECT] method name===============isRootSelectionSupported
2020-10-22 20:35:38,428 [INFO] LogOutputStream:76 - [STDOUT_REDIRECT] method name===============isUnderRootDefaultMode
2020-10-22 20:35:38,429 [INFO] LogOutputStream:76 - [STDOUT_REDIRECT] method name===============isUnderRootDefaultMode
2020-10-22 20:35:38,430 [INFO] LogOutputStream:76 - [STDOUT_REDIRECT] method name===============isUnderRootDefaultMode
2020-10-22 20:35:38,431 [INFO] LogOutputStream:76 - [STDOUT_REDIRECT] method name===============isRootSelectionSupported
2020-10-22 20:35:38,432 [INFO] LogOutputStream:76 - [STDOUT_REDIRECT] method name===============isRootSelectionSupported
2020-10-22 20:35:38,433 [INFO] LogOutputStream:76 - [STDOUT_REDIRECT] method name===============isUnderRootDefaultMode
2020-10-22 20:35:38,439 [INFO] OpenFileManager:289 - Restore cursor
2020-10-22 20:35:38,444 [INFO] LogOutputStream:76 - [STDOUT_REDIRECT] method name===============isUnderRootDefaultMode
2020-10-22 20:35:38,445 [INFO] LogOutputStream:76 - [STDOUT_REDIRECT] method name===============isUnderRootDefaultMode
2020-10-22 20:35:38,445 [INFO] LogOutputStream:76 - [STDOUT_REDIRECT] method name===============isUnderRootDefaultMode
2020-10-22 20:35:38,446 [INFO] LogOutputStream:76 - [STDOUT_REDIRECT] method name===============isRootSelectionSupported
2020-10-22 20:35:38,448 [INFO] LogOutputStream:76 - [STDOUT_REDIRECT] method name===============isRootSelectionSupported
2020-10-22 20:35:38,449 [INFO] LogOutputStream:76 - [STDOUT_REDIRECT] method name===============isUnderRootDefaultMode
2020-10-22 20:35:38,492 [INFO] BlockDiagram:1818 - stop enableDisableButtons
2020-10-22 20:35:38,496 [INFO] LogOutputStream:76 - [STDOUT_REDIRECT] method name===============isUnderRootDefaultMode
2020-10-22 20:35:38,498 [INFO] LogOutputStream:76 - [STDOUT_REDIRECT] method name===============isUnderRootDefaultMode
2020-10-22 20:35:38,499 [INFO] LogOutputStream:76 - [STDOUT_REDIRECT] method name===============isUnderRootDefaultMode
2020-10-22 20:35:38,501 [INFO] LogOutputStream:76 - [STDOUT_REDIRECT] method name===============isRootSelectionSupported
2020-10-22 20:35:38,502 [INFO] LogOutputStream:76 - [STDOUT_REDIRECT] method name===============isRootSelectionSupported
2020-10-22 20:35:38,502 [INFO] LogOutputStream:76 - [STDOUT_REDIRECT] method name===============isUnderRootDefaultMode
2020-10-22 20:35:38,522 [INFO] BlockDiagram:1818 - stop enableDisableButtons
2020-10-22 20:35:38,602 [INFO] LogOutputStream:76 - [STDOUT_REDIRECT] method name===============isUnderRootDefaultMode
2020-10-22 20:35:38,603 [INFO] LogOutputStream:76 - [STDOUT_REDIRECT] method name===============isUnderRootDefaultMode
2020-10-22 20:35:38,605 [INFO] LogOutputStream:76 - [STDOUT_REDIRECT] method name===============isUnderRootDefaultMode
2020-10-22 20:35:38,607 [INFO] LogOutputStream:76 - [STDOUT_REDIRECT] method name===============isRootSelectionSupported
2020-10-22 20:35:38,609 [INFO] LogOutputStream:76 - [STDOUT_REDIRECT] method name===============isRootSelectionSupported
2020-10-22 20:35:38,610 [INFO] LogOutputStream:76 - [STDOUT_REDIRECT] method name===============isUnderRootDefaultMode
2020-10-22 20:35:38,620 [INFO] UtilMem:74 - End SaveConfig() Used Memory: 442030536 Bytes (671088640)
2020-10-22 20:35:38,623 [INFO] LogOutputStream:76 - [STDOUT_REDIRECT] method name===============isUnderRootDefaultMode
2020-10-22 20:35:38,624 [INFO] LogOutputStream:76 - [STDOUT_REDIRECT] method name===============isUnderRootDefaultMode
2020-10-22 20:35:38,626 [INFO] LogOutputStream:76 - [STDOUT_REDIRECT] method name===============isUnderRootDefaultMode
2020-10-22 20:35:38,628 [INFO] LogOutputStream:76 - [STDOUT_REDIRECT] method name===============isRootSelectionSupported
2020-10-22 20:35:38,629 [INFO] LogOutputStream:76 - [STDOUT_REDIRECT] method name===============isRootSelectionSupported
2020-10-22 20:35:38,630 [INFO] LogOutputStream:76 - [STDOUT_REDIRECT] method name===============isUnderRootDefaultMode
2020-10-22 20:35:38,666 [INFO] UtilMem:74 - End SaveConfig() Used Memory: 445255464 Bytes (671088640)
2020-10-22 20:35:38,668 [INFO] LogOutputStream:76 - [STDOUT_REDIRECT] method name===============isUnderRootDefaultMode
2020-10-22 20:35:38,670 [INFO] LogOutputStream:76 - [STDOUT_REDIRECT] method name===============isUnderRootDefaultMode
2020-10-22 20:35:38,671 [INFO] LogOutputStream:76 - [STDOUT_REDIRECT] method name===============isUnderRootDefaultMode
2020-10-22 20:35:38,672 [INFO] LogOutputStream:76 - [STDOUT_REDIRECT] method name===============isRootSelectionSupported
2020-10-22 20:35:38,673 [INFO] LogOutputStream:76 - [STDOUT_REDIRECT] method name===============isRootSelectionSupported
2020-10-22 20:35:38,673 [INFO] LogOutputStream:76 - [STDOUT_REDIRECT] method name===============isUnderRootDefaultMode
2020-10-22 20:35:38,988 [INFO] BlockDiagram:1862 - set Specific Code input for plugin: NVIC
2020-10-22 20:35:38,988 [INFO] BlockDiagram:1862 - set Specific Code input for plugin: SYS
2020-10-22 20:35:38,995 [INFO] CodeGenerator:583 - code generatio: config db path: C:\ST\STM32CubeIDE_1.0.2\STM32CubeIDE\plugins\com.st.stm32cube.common.mx_5.3.0.201907110903\\db\
2020-10-22 20:35:39,188 [INFO] CodeEngine:190 - oldGeneratedFile, C:\Users\DatBoi\RemoteRacing\firmware\RemoteRacing\MXTmpFiles\license.tmp_save
2020-10-22 20:35:39,402 [INFO] CodeEngine:208 - Generated code: C:\Users\DatBoi\RemoteRacing\firmware\RemoteRacing\MXTmpFiles\license.tmp
2020-10-22 20:35:39,466 [INFO] LogOutputStream:76 - [STDOUT_REDIRECT] Command line
2020-10-22 20:35:39,467 [INFO] LogOutputStream:76 - [STDOUT_REDIRECT] Debug : prepare data for SYS
2020-10-22 20:35:39,467 [INFO] LogOutputStream:76 - [STDOUT_REDIRECT] Command line test
2020-10-22 20:35:39,469 [INFO] LogOutputStream:76 - [STDOUT_REDIRECT] Debug : prepare data for NVIC
2020-10-22 20:35:39,469 [INFO] LogOutputStream:76 - [STDOUT_REDIRECT] Command line test
2020-10-22 20:35:39,491 [INFO] CodeEngine:190 - oldGeneratedFile, C:\Users\DatBoi\RemoteRacing\firmware\RemoteRacing\Src\stm32f0xx_it.c_save
2020-10-22 20:35:39,699 [INFO] CodeEngine:208 - Generated code: C:\Users\DatBoi\RemoteRacing\firmware\RemoteRacing\Src\stm32f0xx_it.c
2020-10-22 20:35:39,718 [INFO] CodeEngine:190 - oldGeneratedFile, C:\Users\DatBoi\RemoteRacing\firmware\RemoteRacing\Inc\stm32f0xx_it.h_save
2020-10-22 20:35:39,783 [INFO] CodeEngine:208 - Generated code: C:\Users\DatBoi\RemoteRacing\firmware\RemoteRacing\Inc\stm32f0xx_it.h
2020-10-22 20:35:39,805 [INFO] CodeEngine:190 - oldGeneratedFile, C:\Users\DatBoi\RemoteRacing\firmware\RemoteRacing\Src\stm32f0xx_hal_msp.c_save
2020-10-22 20:35:39,902 [INFO] CodeEngine:208 - Generated code: C:\Users\DatBoi\RemoteRacing\firmware\RemoteRacing\Src\stm32f0xx_hal_msp.c
2020-10-22 20:35:39,927 [INFO] CodeEngine:190 - oldGeneratedFile, C:\Users\DatBoi\RemoteRacing\firmware\RemoteRacing\MXTmpFiles\system.tmp_save
2020-10-22 20:35:39,990 [INFO] CodeEngine:208 - Generated code: C:\Users\DatBoi\RemoteRacing\firmware\RemoteRacing\MXTmpFiles\system.tmp
2020-10-22 20:35:40,015 [INFO] CodeEngine:190 - oldGeneratedFile, C:\Users\DatBoi\RemoteRacing\firmware\RemoteRacing\Inc\stm32f0xx_hal_conf.h_save
2020-10-22 20:35:40,102 [INFO] CodeEngine:208 - Generated code: C:\Users\DatBoi\RemoteRacing\firmware\RemoteRacing\Inc\stm32f0xx_hal_conf.h
2020-10-22 20:35:40,139 [INFO] CodeEngine:190 - oldGeneratedFile, C:\Users\DatBoi\RemoteRacing\firmware\RemoteRacing\Inc\main.h_save
2020-10-22 20:35:40,220 [INFO] CodeEngine:208 - Generated code: C:\Users\DatBoi\RemoteRacing\firmware\RemoteRacing\Inc\main.h
2020-10-22 20:35:40,243 [INFO] CodeEngine:190 - oldGeneratedFile, C:\Users\DatBoi\RemoteRacing\firmware\RemoteRacing\Src\main.c_save
2020-10-22 20:35:40,349 [INFO] CodeEngine:208 - Generated code: C:\Users\DatBoi\RemoteRacing\firmware\RemoteRacing\Src\main.c
2020-10-22 20:35:40,912 [INFO] ProjectBuilder:1570 - Time for Copy HAL[1] : 67mS.
2020-10-22 20:35:40,917 [INFO] ProjectBuilder:2138 - Project Generator version: 3.4.0
2020-10-22 20:35:41,081 [INFO] ConfigFileManager:879 - The Die is : DIE440
2020-10-22 20:35:41,086 [INFO] LogOutputStream:76 - [STDOUT_REDIRECT] configName ==Arm Cortex-M0
2020-10-22 20:35:41,316 [INFO] LogOutputStream:76 - [STDOUT_REDIRECT] memory ==name="RAM" access="xrw" start="0x20000000" size="8"
2020-10-22 20:35:41,317 [INFO] LogOutputStream:76 - [STDOUT_REDIRECT] memory ==name="FLASH" access="rx" start="0x8000000" size="64"
2020-10-22 20:35:41,473 [INFO] LogOutputStream:76 - [STDOUT_REDIRECT] namefile= STM32CubeIDE
2020-10-22 20:35:41,474 [INFO] LogOutputStream:76 - [STDOUT_REDIRECT] method name===============generate
2020-10-22 20:35:43,232 [INFO] ProjectBuilder:2232 - Time for Generating toolchain IDE Files: 2315mS.
2020-10-22 20:35:43,233 [INFO] ProjectBuilder:1461 - Time for Copy CMSIS : 1mS.
2020-10-22 20:35:43,235 [INFO] ProjectBuilder:1461 - Time for Copy CMSIS : 0mS.
2020-10-22 20:35:54,390 [INFO] BlockDiagram:1818 - stop enableDisableButtons
